2021-12-18 20:16:02.653 [main] INFO  center.misaki.PdfToEpubApplication_8081 - 服务启动！




2021-12-18 20:16:02.839 [restartedMain] INFO  center.misaki.PdfToEpubApplication_8081 - 服务启动！




2021-12-18 20:16:03.606 [restartedMain] INFO  o.s.b.d.env.DevToolsPropertyDefaultsPostProcessor - Devtools property defaults active! Set 'spring.devtools.add-properties' to 'false' to disable
2021-12-18 20:16:04.041 [restartedMain] INFO  o.s.c.s.PostProcessorRegistrationDelegate$BeanPostProcessorChecker - Bean 'org.springframework.cloud.autoconfigure.ConfigurationPropertiesRebinderAutoConfiguration' of type [org.springframework.cloud.autoconfigure.ConfigurationPropertiesRebinderAutoConfiguration$$EnhancerBySpringCGLIB$$595d4463] is not eligible for getting processed by all BeanPostProcessors (for example: not eligible for auto-proxying)
2021-12-18 20:16:04.505 [restartedMain] INFO  center.misaki.PdfToEpubApplication_8081 - No active profile set, falling back to default profiles: default
2021-12-18 20:16:05.199 [restartedMain] INFO  o.s.d.r.config.RepositoryConfigurationDelegate - Bootstrapping Spring Data repositories in DEFAULT mode.
2021-12-18 20:16:05.308 [restartedMain] INFO  o.s.d.r.config.RepositoryConfigurationDelegate - Finished Spring Data repository scanning in 93ms. Found 4 repository interfaces.
2021-12-18 20:16:05.591 [restartedMain] INFO  o.springframework.cloud.context.scope.GenericScope - BeanFactory id=57b75513-5a94-313c-b72f-11954284fc9d
2021-12-18 20:16:05.699 [restartedMain] INFO  o.s.c.s.PostProcessorRegistrationDelegate$BeanPostProcessorChecker - Bean 'org.springframework.transaction.annotation.ProxyTransactionManagementConfiguration' of type [org.springframework.transaction.annotation.ProxyTransactionManagementConfiguration$$EnhancerBySpringCGLIB$$3d434166] is not eligible for getting processed by all BeanPostProcessors (for example: not eligible for auto-proxying)
2021-12-18 20:16:05.723 [restartedMain] INFO  o.s.c.s.PostProcessorRegistrationDelegate$BeanPostProcessorChecker - Bean 'org.springframework.cloud.autoconfigure.ConfigurationPropertiesRebinderAutoConfiguration' of type [org.springframework.cloud.autoconfigure.ConfigurationPropertiesRebinderAutoConfiguration$$EnhancerBySpringCGLIB$$595d4463] is not eligible for getting processed by all BeanPostProcessors (for example: not eligible for auto-proxying)
2021-12-18 20:16:06.675 [restartedMain] INFO  o.s.boot.web.embedded.tomcat.TomcatWebServer - Tomcat initialized with port(s): 8081 (http)
2021-12-18 20:16:06.692 [restartedMain] INFO  org.apache.coyote.http11.Http11NioProtocol - Initializing ProtocolHandler ["http-nio-8081"]
2021-12-18 20:16:06.703 [restartedMain] INFO  org.apache.catalina.core.StandardService - Starting service [Tomcat]
2021-12-18 20:16:06.703 [restartedMain] INFO  org.apache.catalina.core.StandardEngine - Starting Servlet engine: [Apache Tomcat/9.0.17]
2021-12-18 20:16:06.892 [restartedMain] INFO  o.a.c.core.ContainerBase.[Tomcat].[localhost].[/] - Initializing Spring embedded WebApplicationContext
2021-12-18 20:16:06.892 [restartedMain] INFO  org.springframework.web.context.ContextLoader - Root WebApplicationContext: initialization completed in 2378 ms
2021-12-18 20:16:07.006 [restartedMain] INFO  c.a.d.s.b.a.DruidDataSourceAutoConfigure - Init DruidDataSource
2021-12-18 20:16:07.216 [restartedMain] INFO  com.alibaba.druid.pool.DruidDataSource - {dataSource-1} inited
2021-12-18 20:16:07.390 [restartedMain] INFO  org.hibernate.jpa.internal.util.LogHelper - HHH000204: Processing PersistenceUnitInfo [
	name: default
	...]
2021-12-18 20:16:07.513 [restartedMain] INFO  org.hibernate.Version - HHH000412: Hibernate Core {5.3.9.Final}
2021-12-18 20:16:07.516 [restartedMain] INFO  org.hibernate.cfg.Environment - HHH000206: hibernate.properties not found
2021-12-18 20:16:07.770 [restartedMain] INFO  org.hibernate.annotations.common.Version - HCANN000001: Hibernate Commons Annotations {5.0.4.Final}
2021-12-18 20:16:08.840 [restartedMain] INFO  org.hibernate.dialect.Dialect - HHH000400: Using dialect: org.hibernate.dialect.MySQL57Dialect
2021-12-18 20:16:09.929 [restartedMain] INFO  o.s.orm.jpa.LocalContainerEntityManagerFactoryBean - Initialized JPA EntityManagerFactory for persistence unit 'default'
2021-12-18 20:16:09.984 [restartedMain] WARN  o.s.b.d.autoconfigure.OptionalLiveReloadServer - Unable to start LiveReload server
2021-12-18 20:16:10.473 [restartedMain] WARN  com.netflix.config.sources.URLConfigurationSource - No URLs will be polled as dynamic configuration sources.
2021-12-18 20:16:10.473 [restartedMain] INFO  com.netflix.config.sources.URLConfigurationSource - To enable URLs as dynamic configuration sources, define System property archaius.configurationSource.additionalUrls or make config.properties available on classpath.
2021-12-18 20:16:10.476 [restartedMain] WARN  com.netflix.config.sources.URLConfigurationSource - No URLs will be polled as dynamic configuration sources.
2021-12-18 20:16:10.476 [restartedMain] INFO  com.netflix.config.sources.URLConfigurationSource - To enable URLs as dynamic configuration sources, define System property archaius.configurationSource.additionalUrls or make config.properties available on classpath.
2021-12-18 20:16:10.872 [restartedMain] INFO  o.s.scheduling.concurrent.ThreadPoolTaskExecutor - Initializing ExecutorService 'applicationTaskExecutor'
2021-12-18 20:16:10.908 [restartedMain] WARN  o.s.b.a.o.j.JpaBaseConfiguration$JpaWebConfiguration$JpaWebMvcConfiguration - spring.jpa.open-in-view is enabled by default. Therefore, database queries may be performed during view rendering. Explicitly configure spring.jpa.open-in-view to disable this warning
2021-12-18 20:16:12.136 [restartedMain] INFO  o.s.cloud.netflix.eureka.InstanceInfoFactory - Setting initial instance status as: STARTING
2021-12-18 20:16:12.179 [restartedMain] INFO  com.netflix.discovery.DiscoveryClient - Initializing Eureka in region us-east-1
2021-12-18 20:16:12.268 [restartedMain] INFO  c.n.discovery.provider.DiscoveryJerseyProvider - Using JSON encoding codec LegacyJacksonJson
2021-12-18 20:16:12.268 [restartedMain] INFO  c.n.discovery.provider.DiscoveryJerseyProvider - Using JSON decoding codec LegacyJacksonJson
2021-12-18 20:16:12.415 [restartedMain] INFO  c.n.discovery.provider.DiscoveryJerseyProvider - Using XML encoding codec XStreamXml
2021-12-18 20:16:12.415 [restartedMain] INFO  c.n.discovery.provider.DiscoveryJerseyProvider - Using XML decoding codec XStreamXml
2021-12-18 20:16:12.652 [restartedMain] INFO  c.n.d.shared.resolver.aws.ConfigClusterResolver - Resolving eureka endpoints via configuration
2021-12-18 20:16:12.934 [restartedMain] INFO  com.netflix.discovery.DiscoveryClient - Disable delta property : false
2021-12-18 20:16:12.934 [restartedMain] INFO  com.netflix.discovery.DiscoveryClient - Single vip registry refresh property : null
2021-12-18 20:16:12.934 [restartedMain] INFO  com.netflix.discovery.DiscoveryClient - Force full registry fetch : false
2021-12-18 20:16:12.934 [restartedMain] INFO  com.netflix.discovery.DiscoveryClient - Application is null : false
2021-12-18 20:16:12.934 [restartedMain] INFO  com.netflix.discovery.DiscoveryClient - Registered Applications size is zero : true
2021-12-18 20:16:12.934 [restartedMain] INFO  com.netflix.discovery.DiscoveryClient - Application version is -1: true
2021-12-18 20:16:12.937 [restartedMain] INFO  com.netflix.discovery.DiscoveryClient - Getting all instance registry info from the eureka server
2021-12-18 20:16:13.191 [restartedMain] INFO  com.netflix.discovery.DiscoveryClient - The response status is 200
2021-12-18 20:16:13.194 [restartedMain] INFO  com.netflix.discovery.DiscoveryClient - Starting heartbeat executor: renew interval is: 30
2021-12-18 20:16:13.197 [restartedMain] INFO  com.netflix.discovery.InstanceInfoReplicator - InstanceInfoReplicator onDemand update allowed rate per min is 4
2021-12-18 20:16:13.206 [restartedMain] INFO  com.netflix.discovery.DiscoveryClient - Discovery Client initialized at timestamp 1639829773203 with initial instances count: 0
2021-12-18 20:16:13.209 [restartedMain] INFO  o.s.c.n.e.serviceregistry.EurekaServiceRegistry - Registering application PDF-EPUB-SERVICE with eureka with status UP
2021-12-18 20:16:13.209 [restartedMain] INFO  com.netflix.discovery.DiscoveryClient - Saw local status change event StatusChangeEvent [timestamp=1639829773209, current=UP, previous=STARTING]
2021-12-18 20:16:13.212 [DiscoveryClient-InstanceInfoReplicator-0] INFO  com.netflix.discovery.DiscoveryClient - DiscoveryClient_PDF-EPUB-SERVICE/pdf-epub-service-8081: registering service...
2021-12-18 20:16:13.227 [restartedMain] INFO  org.apache.coyote.http11.Http11NioProtocol - Starting ProtocolHandler ["http-nio-8081"]
2021-12-18 20:16:13.263 [restartedMain] INFO  o.s.boot.web.embedded.tomcat.TomcatWebServer - Tomcat started on port(s): 8081 (http) with context path ''
2021-12-18 20:16:13.266 [restartedMain] INFO  o.s.c.n.e.s.EurekaAutoServiceRegistration - Updating port to 8081
2021-12-18 20:16:13.269 [restartedMain] INFO  center.misaki.PdfToEpubApplication_8081 - Started PdfToEpubApplication_8081 in 10.421 seconds (JVM running for 11.669)
2021-12-18 20:16:13.338 [DiscoveryClient-InstanceInfoReplicator-0] INFO  com.netflix.discovery.DiscoveryClient - DiscoveryClient_PDF-EPUB-SERVICE/pdf-epub-service-8081 - registration status: 204
2021-12-18 20:16:43.202 [DiscoveryClient-CacheRefreshExecutor-0] INFO  com.netflix.discovery.DiscoveryClient - Disable delta property : false
2021-12-18 20:16:43.202 [DiscoveryClient-CacheRefreshExecutor-0] INFO  com.netflix.discovery.DiscoveryClient - Single vip registry refresh property : null
2021-12-18 20:16:43.202 [DiscoveryClient-CacheRefreshExecutor-0] INFO  com.netflix.discovery.DiscoveryClient - Force full registry fetch : false
2021-12-18 20:16:43.202 [DiscoveryClient-CacheRefreshExecutor-0] INFO  com.netflix.discovery.DiscoveryClient - Application is null : false
2021-12-18 20:16:43.202 [DiscoveryClient-CacheRefreshExecutor-0] INFO  com.netflix.discovery.DiscoveryClient - Registered Applications size is zero : true
2021-12-18 20:16:43.202 [DiscoveryClient-CacheRefreshExecutor-0] INFO  com.netflix.discovery.DiscoveryClient - Application version is -1: false
2021-12-18 20:16:43.202 [DiscoveryClient-CacheRefreshExecutor-0] INFO  com.netflix.discovery.DiscoveryClient - Getting all instance registry info from the eureka server
2021-12-18 20:16:43.268 [DiscoveryClient-CacheRefreshExecutor-0] INFO  com.netflix.discovery.DiscoveryClient - The response status is 200
2021-12-18 20:18:56.715 [http-nio-8081-exec-1] INFO  o.a.c.core.ContainerBase.[Tomcat].[localhost].[/] - Initializing Spring DispatcherServlet 'dispatcherServlet'
2021-12-18 20:18:56.715 [http-nio-8081-exec-1] INFO  org.springframework.web.servlet.DispatcherServlet - Initializing Servlet 'dispatcherServlet'
2021-12-18 20:18:56.724 [http-nio-8081-exec-1] INFO  org.springframework.web.servlet.DispatcherServlet - Completed initialization in 9 ms
2021-12-18 20:18:56.817 [http-nio-8081-exec-1] INFO  o.h.hql.internal.QueryTranslatorFactoryInitiator - HHH000397: Using ASTQueryTranslatorFactory
2021-12-18 20:18:56.977 [http-nio-8081-exec-1] WARN  com.alibaba.druid.pool.DruidAbstractDataSource - discard long time none received connection. , jdbcUrl : jdbc:mysql://misaki.center:3306/conveter?useUnicode=true&characterSet=utf-8, version : 1.2.8, lastPacketReceivedIdleMillis : 167038
2021-12-18 20:18:57.340 [http-nio-8081-exec-1] ERROR o.a.c.c.C.[.[localhost].[/].[dispatcherServlet] - Servlet.service() for servlet [dispatcherServlet] in context with path [] threw exception [Request processing failed; nested exception is java.lang.NullPointerException] with root cause
java.lang.NullPointerException: null
	at center.misaki.service.Impl.SingleEpubServiceImpl.savePdf(SingleEpubServiceImpl.java:63)
	at center.misaki.service.Impl.SingleEpubServiceImpl.pdfToEpub_Single(SingleEpubServiceImpl.java:177)
	at center.misaki.controller.SinglePdfController.httpUpload(SinglePdfController.java:39)
	at sun.reflect.NativeMethodAccessorImpl.invoke0(Native Method)
	at sun.reflect.NativeMethodAccessorImpl.invoke(NativeMethodAccessorImpl.java:62)
	at sun.reflect.DelegatingMethodAccessorImpl.invoke(DelegatingMethodAccessorImpl.java:43)
	at java.lang.reflect.Method.invoke(Method.java:498)
	at org.springframework.web.method.support.InvocableHandlerMethod.doInvoke(InvocableHandlerMethod.java:189)
	at org.springframework.web.method.support.InvocableHandlerMethod.invokeForRequest(InvocableHandlerMethod.java:138)
	at org.springframework.web.servlet.mvc.method.annotation.ServletInvocableHandlerMethod.invokeAndHandle(ServletInvocableHandlerMethod.java:102)
	at org.springframework.web.servlet.mvc.method.annotation.RequestMappingHandlerAdapter.invokeHandlerMethod(RequestMappingHandlerAdapter.java:892)
	at org.springframework.web.servlet.mvc.method.annotation.RequestMappingHandlerAdapter.handleInternal(RequestMappingHandlerAdapter.java:797)
	at org.springframework.web.servlet.mvc.method.AbstractHandlerMethodAdapter.handle(AbstractHandlerMethodAdapter.java:87)
	at org.springframework.web.servlet.DispatcherServlet.doDispatch(DispatcherServlet.java:1038)
	at org.springframework.web.servlet.DispatcherServlet.doService(DispatcherServlet.java:942)
	at org.springframework.web.servlet.FrameworkServlet.processRequest(FrameworkServlet.java:1005)
	at org.springframework.web.servlet.FrameworkServlet.doPost(FrameworkServlet.java:908)
	at javax.servlet.http.HttpServlet.service(HttpServlet.java:660)
	at org.springframework.web.servlet.FrameworkServlet.service(FrameworkServlet.java:882)
	at javax.servlet.http.HttpServlet.service(HttpServlet.java:741)
	at org.apache.catalina.core.ApplicationFilterChain.internalDoFilter(ApplicationFilterChain.java:231)
	at org.apache.catalina.core.ApplicationFilterChain.doFilter(ApplicationFilterChain.java:166)
	at org.apache.tomcat.websocket.server.WsFilter.doFilter(WsFilter.java:53)
	at org.apache.catalina.core.ApplicationFilterChain.internalDoFilter(ApplicationFilterChain.java:193)
	at org.apache.catalina.core.ApplicationFilterChain.doFilter(ApplicationFilterChain.java:166)
	at org.springframework.web.filter.RequestContextFilter.doFilterInternal(RequestContextFilter.java:99)
	at org.springframework.web.filter.OncePerRequestFilter.doFilter(OncePerRequestFilter.java:107)
	at org.apache.catalina.core.ApplicationFilterChain.internalDoFilter(ApplicationFilterChain.java:193)
	at org.apache.catalina.core.ApplicationFilterChain.doFilter(ApplicationFilterChain.java:166)
	at org.springframework.web.filter.FormContentFilter.doFilterInternal(FormContentFilter.java:92)
	at org.springframework.web.filter.OncePerRequestFilter.doFilter(OncePerRequestFilter.java:107)
	at org.apache.catalina.core.ApplicationFilterChain.internalDoFilter(ApplicationFilterChain.java:193)
	at org.apache.catalina.core.ApplicationFilterChain.doFilter(ApplicationFilterChain.java:166)
	at org.springframework.web.filter.HiddenHttpMethodFilter.doFilterInternal(HiddenHttpMethodFilter.java:93)
	at org.springframework.web.filter.OncePerRequestFilter.doFilter(OncePerRequestFilter.java:107)
	at org.apache.catalina.core.ApplicationFilterChain.internalDoFilter(ApplicationFilterChain.java:193)
	at org.apache.catalina.core.ApplicationFilterChain.doFilter(ApplicationFilterChain.java:166)
	at org.springframework.web.filter.CharacterEncodingFilter.doFilterInternal(CharacterEncodingFilter.java:200)
	at org.springframework.web.filter.OncePerRequestFilter.doFilter(OncePerRequestFilter.java:107)
	at org.apache.catalina.core.ApplicationFilterChain.internalDoFilter(ApplicationFilterChain.java:193)
	at org.apache.catalina.core.ApplicationFilterChain.doFilter(ApplicationFilterChain.java:166)
	at org.apache.catalina.core.StandardWrapperValve.invoke(StandardWrapperValve.java:200)
	at org.apache.catalina.core.StandardContextValve.invoke(StandardContextValve.java:96)
	at org.apache.catalina.authenticator.AuthenticatorBase.invoke(AuthenticatorBase.java:490)
	at org.apache.catalina.core.StandardHostValve.invoke(StandardHostValve.java:139)
	at org.apache.catalina.valves.ErrorReportValve.invoke(ErrorReportValve.java:92)
	at org.apache.catalina.core.StandardEngineValve.invoke(StandardEngineValve.java:74)
	at org.apache.catalina.connector.CoyoteAdapter.service(CoyoteAdapter.java:343)
	at org.apache.coyote.http11.Http11Processor.service(Http11Processor.java:408)
	at org.apache.coyote.AbstractProcessorLight.process(AbstractProcessorLight.java:66)
	at org.apache.coyote.AbstractProtocol$ConnectionHandler.process(AbstractProtocol.java:834)
	at org.apache.tomcat.util.net.NioEndpoint$SocketProcessor.doRun(NioEndpoint.java:1415)
	at org.apache.tomcat.util.net.SocketProcessorBase.run(SocketProcessorBase.java:49)
	at java.util.concurrent.ThreadPoolExecutor.runWorker(ThreadPoolExecutor.java:1149)
	at java.util.concurrent.ThreadPoolExecutor$Worker.run(ThreadPoolExecutor.java:624)
	at org.apache.tomcat.util.threads.TaskThread$WrappingRunnable.run(TaskThread.java:61)
	at java.lang.Thread.run(Thread.java:748)
2021-12-18 20:19:28.994 [http-nio-8081-exec-2] ERROR center.misaki.controller.SinglePdfController - 无法创建上传的文件！
2021-12-18 20:19:28.996 [http-nio-8081-exec-2] INFO  center.misaki.controller.SinglePdfController - 用户：admin成功上传了文件：test00.pdf
2021-12-18 20:19:36.596 [http-nio-8081-exec-3] ERROR center.misaki.controller.SinglePdfController - 无法创建上传的文件！
2021-12-18 20:19:36.597 [http-nio-8081-exec-3] INFO  center.misaki.controller.SinglePdfController - 用户：admin成功上传了文件：test00.pdf
2021-12-18 20:19:52.099 [http-nio-8081-exec-4] ERROR center.misaki.controller.SinglePdfController - 无法创建上传的文件！
2021-12-18 20:19:52.100 [http-nio-8081-exec-4] INFO  center.misaki.controller.SinglePdfController - 用户：admin成功上传了文件：test00.pdf
2021-12-18 20:20:03.877 [http-nio-8081-exec-5] ERROR center.misaki.controller.SinglePdfController - 无法创建上传的文件！
2021-12-18 20:20:03.879 [http-nio-8081-exec-5] INFO  center.misaki.controller.SinglePdfController - 用户：admin成功上传了文件：test00.pdf
2021-12-18 20:21:12.944 [AsyncResolver-bootstrap-executor-0] INFO  c.n.d.shared.resolver.aws.ConfigClusterResolver - Resolving eureka endpoints via configuration
2021-12-18 20:21:34.919 [http-nio-8081-exec-7] WARN  com.alibaba.druid.pool.DruidAbstractDataSource - discard long time none received connection. , jdbcUrl : jdbc:mysql://misaki.center:3306/conveter?useUnicode=true&characterSet=utf-8, version : 1.2.8, lastPacketReceivedIdleMillis : 91525
2021-12-18 20:21:35.816 [http-nio-8081-exec-7] ERROR center.misaki.controller.SinglePdfController - 无法创建上传的文件！
2021-12-18 20:21:35.817 [http-nio-8081-exec-7] INFO  center.misaki.controller.SinglePdfController - 用户：admin成功上传了文件：test00.pdf
2021-12-18 20:21:44.990 [Thread-2] INFO  o.s.c.n.e.serviceregistry.EurekaServiceRegistry - Unregistering application PDF-EPUB-SERVICE with eureka with status DOWN
2021-12-18 20:21:44.991 [Thread-2] WARN  com.netflix.discovery.DiscoveryClient - Saw local status change event StatusChangeEvent [timestamp=1639830104991, current=DOWN, previous=UP]
2021-12-18 20:21:44.991 [DiscoveryClient-InstanceInfoReplicator-0] INFO  com.netflix.discovery.DiscoveryClient - DiscoveryClient_PDF-EPUB-SERVICE/pdf-epub-service-8081: registering service...
2021-12-18 20:21:44.994 [Thread-2] INFO  o.s.scheduling.concurrent.ThreadPoolTaskExecutor - Shutting down ExecutorService 'applicationTaskExecutor'
2021-12-18 20:21:44.997 [Thread-2] INFO  o.s.orm.jpa.LocalContainerEntityManagerFactoryBean - Closing JPA EntityManagerFactory for persistence unit 'default'
2021-12-18 20:21:45.000 [Thread-2] INFO  com.alibaba.druid.pool.DruidDataSource - {dataSource-1} closing ...
2021-12-18 20:21:45.001 [DiscoveryClient-InstanceInfoReplicator-0] INFO  com.netflix.discovery.DiscoveryClient - DiscoveryClient_PDF-EPUB-SERVICE/pdf-epub-service-8081 - registration status: 204
2021-12-18 20:21:45.003 [Thread-2] INFO  com.alibaba.druid.pool.DruidDataSource - {dataSource-1} closed
2021-12-18 20:21:45.004 [Thread-2] INFO  com.netflix.discovery.DiscoveryClient - Shutting down DiscoveryClient ...
2021-12-18 20:21:48.020 [Thread-2] INFO  com.netflix.discovery.DiscoveryClient - Unregistering ...
2021-12-18 20:21:48.036 [Thread-2] INFO  com.netflix.discovery.DiscoveryClient - DiscoveryClient_PDF-EPUB-SERVICE/pdf-epub-service-8081 - deregister  status: 200
2021-12-18 20:21:48.049 [Thread-2] INFO  com.netflix.discovery.DiscoveryClient - Completed shut down of DiscoveryClient
2021-12-18 20:21:48.699 [restartedMain] INFO  center.misaki.PdfToEpubApplication_8081 - 服务启动！




2021-12-18 20:21:49.228 [restartedMain] INFO  o.s.c.s.PostProcessorRegistrationDelegate$BeanPostProcessorChecker - Bean 'org.springframework.cloud.autoconfigure.ConfigurationPropertiesRebinderAutoConfiguration' of type [org.springframework.cloud.autoconfigure.ConfigurationPropertiesRebinderAutoConfiguration$$EnhancerBySpringCGLIB$$595d4463] is not eligible for getting processed by all BeanPostProcessors (for example: not eligible for auto-proxying)
2021-12-18 20:21:49.666 [restartedMain] INFO  center.misaki.PdfToEpubApplication_8081 - No active profile set, falling back to default profiles: default
2021-12-18 20:21:50.056 [restartedMain] INFO  o.s.d.r.config.RepositoryConfigurationDelegate - Bootstrapping Spring Data repositories in DEFAULT mode.
2021-12-18 20:21:50.082 [restartedMain] INFO  o.s.d.r.config.RepositoryConfigurationDelegate - Finished Spring Data repository scanning in 26ms. Found 4 repository interfaces.
2021-12-18 20:21:50.144 [restartedMain] INFO  o.springframework.cloud.context.scope.GenericScope - BeanFactory id=57b75513-5a94-313c-b72f-11954284fc9d
2021-12-18 20:21:50.166 [restartedMain] INFO  o.s.c.s.PostProcessorRegistrationDelegate$BeanPostProcessorChecker - Bean 'org.springframework.transaction.annotation.ProxyTransactionManagementConfiguration' of type [org.springframework.transaction.annotation.ProxyTransactionManagementConfiguration$$EnhancerBySpringCGLIB$$3d434166] is not eligible for getting processed by all BeanPostProcessors (for example: not eligible for auto-proxying)
2021-12-18 20:21:50.168 [restartedMain] INFO  o.s.c.s.PostProcessorRegistrationDelegate$BeanPostProcessorChecker - Bean 'org.springframework.cloud.autoconfigure.ConfigurationPropertiesRebinderAutoConfiguration' of type [org.springframework.cloud.autoconfigure.ConfigurationPropertiesRebinderAutoConfiguration$$EnhancerBySpringCGLIB$$595d4463] is not eligible for getting processed by all BeanPostProcessors (for example: not eligible for auto-proxying)
2021-12-18 20:21:50.347 [restartedMain] INFO  o.s.boot.web.embedded.tomcat.TomcatWebServer - Tomcat initialized with port(s): 8081 (http)
2021-12-18 20:21:50.348 [restartedMain] INFO  org.apache.coyote.http11.Http11NioProtocol - Initializing ProtocolHandler ["http-nio-8081"]
2021-12-18 20:21:50.348 [restartedMain] INFO  org.apache.catalina.core.StandardService - Starting service [Tomcat]
2021-12-18 20:21:50.348 [restartedMain] INFO  org.apache.catalina.core.StandardEngine - Starting Servlet engine: [Apache Tomcat/9.0.17]
2021-12-18 20:21:50.373 [restartedMain] INFO  o.a.c.core.ContainerBase.[Tomcat].[localhost].[/] - Initializing Spring embedded WebApplicationContext
2021-12-18 20:21:50.374 [restartedMain] INFO  org.springframework.web.context.ContextLoader - Root WebApplicationContext: initialization completed in 706 ms
2021-12-18 20:21:50.408 [restartedMain] INFO  c.a.d.s.b.a.DruidDataSourceAutoConfigure - Init DruidDataSource
2021-12-18 20:21:50.438 [restartedMain] INFO  com.alibaba.druid.pool.DruidDataSource - {dataSource-2} inited
2021-12-18 20:21:50.477 [restartedMain] INFO  org.hibernate.jpa.internal.util.LogHelper - HHH000204: Processing PersistenceUnitInfo [
	name: default
	...]
2021-12-18 20:21:50.716 [restartedMain] INFO  org.hibernate.dialect.Dialect - HHH000400: Using dialect: org.hibernate.dialect.MySQL57Dialect
2021-12-18 20:21:50.827 [restartedMain] INFO  o.s.orm.jpa.LocalContainerEntityManagerFactoryBean - Initialized JPA EntityManagerFactory for persistence unit 'default'
2021-12-18 20:21:50.846 [restartedMain] WARN  o.s.b.d.autoconfigure.OptionalLiveReloadServer - Unable to start LiveReload server
2021-12-18 20:21:50.932 [restartedMain] WARN  com.netflix.config.sources.URLConfigurationSource - No URLs will be polled as dynamic configuration sources.
2021-12-18 20:21:50.933 [restartedMain] INFO  com.netflix.config.sources.URLConfigurationSource - To enable URLs as dynamic configuration sources, define System property archaius.configurationSource.additionalUrls or make config.properties available on classpath.
2021-12-18 20:21:51.003 [restartedMain] INFO  o.s.scheduling.concurrent.ThreadPoolTaskExecutor - Initializing ExecutorService 'applicationTaskExecutor'
2021-12-18 20:21:51.010 [restartedMain] WARN  o.s.b.a.o.j.JpaBaseConfiguration$JpaWebConfiguration$JpaWebMvcConfiguration - spring.jpa.open-in-view is enabled by default. Therefore, database queries may be performed during view rendering. Explicitly configure spring.jpa.open-in-view to disable this warning
2021-12-18 20:21:51.702 [restartedMain] INFO  o.s.cloud.netflix.eureka.InstanceInfoFactory - Setting initial instance status as: STARTING
2021-12-18 20:21:51.705 [restartedMain] INFO  com.netflix.discovery.DiscoveryClient - Initializing Eureka in region us-east-1
2021-12-18 20:21:51.706 [restartedMain] INFO  c.n.discovery.provider.DiscoveryJerseyProvider - Using JSON encoding codec LegacyJacksonJson
2021-12-18 20:21:51.706 [restartedMain] INFO  c.n.discovery.provider.DiscoveryJerseyProvider - Using JSON decoding codec LegacyJacksonJson
2021-12-18 20:21:51.706 [restartedMain] INFO  c.n.discovery.provider.DiscoveryJerseyProvider - Using XML encoding codec XStreamXml
2021-12-18 20:21:51.706 [restartedMain] INFO  c.n.discovery.provider.DiscoveryJerseyProvider - Using XML decoding codec XStreamXml
2021-12-18 20:21:51.756 [restartedMain] INFO  c.n.d.shared.resolver.aws.ConfigClusterResolver - Resolving eureka endpoints via configuration
2021-12-18 20:21:51.760 [restartedMain] INFO  com.netflix.discovery.DiscoveryClient - Disable delta property : false
2021-12-18 20:21:51.761 [restartedMain] INFO  com.netflix.discovery.DiscoveryClient - Single vip registry refresh property : null
2021-12-18 20:21:51.761 [restartedMain] INFO  com.netflix.discovery.DiscoveryClient - Force full registry fetch : false
2021-12-18 20:21:51.761 [restartedMain] INFO  com.netflix.discovery.DiscoveryClient - Application is null : false
2021-12-18 20:21:51.761 [restartedMain] INFO  com.netflix.discovery.DiscoveryClient - Registered Applications size is zero : true
2021-12-18 20:21:51.761 [restartedMain] INFO  com.netflix.discovery.DiscoveryClient - Application version is -1: true
2021-12-18 20:21:51.761 [restartedMain] INFO  com.netflix.discovery.DiscoveryClient - Getting all instance registry info from the eureka server
2021-12-18 20:21:51.765 [restartedMain] INFO  com.netflix.discovery.DiscoveryClient - The response status is 200
2021-12-18 20:21:51.766 [restartedMain] INFO  com.netflix.discovery.DiscoveryClient - Starting heartbeat executor: renew interval is: 30
2021-12-18 20:21:51.767 [restartedMain] INFO  com.netflix.discovery.InstanceInfoReplicator - InstanceInfoReplicator onDemand update allowed rate per min is 4
2021-12-18 20:21:51.767 [restartedMain] INFO  com.netflix.discovery.DiscoveryClient - Discovery Client initialized at timestamp 1639830111767 with initial instances count: 2
2021-12-18 20:21:51.768 [restartedMain] INFO  o.s.c.n.e.serviceregistry.EurekaServiceRegistry - Registering application PDF-EPUB-SERVICE with eureka with status UP
2021-12-18 20:21:51.769 [restartedMain] INFO  com.netflix.discovery.DiscoveryClient - Saw local status change event StatusChangeEvent [timestamp=1639830111769, current=UP, previous=STARTING]
2021-12-18 20:21:51.769 [DiscoveryClient-InstanceInfoReplicator-0] INFO  com.netflix.discovery.DiscoveryClient - DiscoveryClient_PDF-EPUB-SERVICE/pdf-epub-service-8081: registering service...
2021-12-18 20:21:51.776 [restartedMain] INFO  org.apache.coyote.http11.Http11NioProtocol - Starting ProtocolHandler ["http-nio-8081"]
2021-12-18 20:21:51.780 [restartedMain] INFO  o.s.boot.web.embedded.tomcat.TomcatWebServer - Tomcat started on port(s): 8081 (http) with context path ''
2021-12-18 20:21:51.781 [restartedMain] INFO  o.s.c.n.e.s.EurekaAutoServiceRegistration - Updating port to 8081
2021-12-18 20:21:51.781 [restartedMain] INFO  center.misaki.PdfToEpubApplication_8081 - Started PdfToEpubApplication_8081 in 3.071 seconds (JVM running for 350.18)
2021-12-18 20:21:51.782 [DiscoveryClient-InstanceInfoReplicator-0] INFO  com.netflix.discovery.DiscoveryClient - DiscoveryClient_PDF-EPUB-SERVICE/pdf-epub-service-8081 - registration status: 204
2021-12-18 20:21:51.785 [restartedMain] INFO  o.s.b.d.a.ConditionEvaluationDeltaLoggingListener - Condition evaluation unchanged
2021-12-18 20:22:08.587 [http-nio-8081-exec-2] INFO  o.a.c.core.ContainerBase.[Tomcat].[localhost].[/] - Initializing Spring DispatcherServlet 'dispatcherServlet'
2021-12-18 20:22:08.587 [http-nio-8081-exec-2] INFO  org.springframework.web.servlet.DispatcherServlet - Initializing Servlet 'dispatcherServlet'
2021-12-18 20:22:08.592 [http-nio-8081-exec-2] INFO  org.springframework.web.servlet.DispatcherServlet - Completed initialization in 5 ms
2021-12-18 20:22:08.609 [http-nio-8081-exec-2] INFO  o.h.hql.internal.QueryTranslatorFactoryInitiator - HHH000397: Using ASTQueryTranslatorFactory
2021-12-18 20:22:22.662 [http-nio-8081-exec-2] INFO  center.misaki.service.Impl.SingleEpubServiceImpl - admin,51:html创建成功
2021-12-18 20:22:27.137 [http-nio-8081-exec-2] INFO  center.misaki.controller.SinglePdfController - 用户：admin成功上传了文件：test00.pdf
